TN:
SF:index.ts
FN:61,typeOf
FN:77,isString
FN:85,isNumber
FN:93,isBoolean
FN:101,isNull
FN:109,isUndefined
FN:117,isNaN
FN:125,isFunction
FN:133,isArray
FN:141,isSymbol
FN:149,isBigInt
FN:157,isPlainObject
FN:165,isPromise
FN:168,isAsyncFunction
FN:176,isDate
FN:184,isSet
FN:192,isMap
FN:200,isWeakMap
FN:208,isWeakSet
FN:216,isGeneratorFunction
FN:224,isGenerator
FN:232,isBigInt64Array
FN:240,isBigUint64Array
FN:248,isDataView
FN:256,isArrayBuffer
FN:264,isRegExp
FN:272,isSharedArrayBuffer
FN:280,isUint8ClampedArray
FN:288,isInt8Array
FN:296,isUint8Array
FN:304,isInt16Array
FN:312,isUint16Array
FN:320,isUint32Array
FN:328,isFloat32Array
FN:336,isFloat64Array
FN:344,isIntlCollator
FN:352,isIntlDateTimeFormat
FN:360,isIntlDisplayNames
FN:378,isIntlListFormat
FN:386,isIntlLocale
FN:394,isIntlNumberFormat
FN:402,isError
FN:410,isEvalError
FN:418,isRangeError
FN:426,isReferenceError
FN:434,isSyntaxError
FN:442,isTypeError
FN:450,isURIError
FN:458,isAggregateError
FNF:49
FNH:17
FNDA:617,typeOf
FNDA:42,isString
FNDA:42,isNumber
FNDA:41,isBoolean
FNDA:41,isNull
FNDA:41,isUndefined
FNDA:41,isNaN
FNDA:0,isFunction
FNDA:41,isArray
FNDA:41,isSymbol
FNDA:41,isBigInt
FNDA:41,isPlainObject
FNDA:41,isPromise
FNDA:0,isAsyncFunction
FNDA:0,isDate
FNDA:0,isSet
FNDA:0,isMap
FNDA:0,isWeakMap
FNDA:0,isWeakSet
FNDA:0,isGeneratorFunction
FNDA:0,isGenerator
FNDA:41,isBigInt64Array
FNDA:41,isBigUint64Array
FNDA:0,isDataView
FNDA:0,isArrayBuffer
FNDA:0,isRegExp
FNDA:0,isSharedArrayBuffer
FNDA:0,isUint8ClampedArray
FNDA:0,isInt8Array
FNDA:0,isUint8Array
FNDA:41,isInt16Array
FNDA:0,isUint16Array
FNDA:0,isUint32Array
FNDA:41,isFloat32Array
FNDA:41,isFloat64Array
FNDA:0,isIntlCollator
FNDA:0,isIntlDateTimeFormat
FNDA:0,isIntlDisplayNames
FNDA:0,isIntlListFormat
FNDA:0,isIntlLocale
FNDA:0,isIntlNumberFormat
FNDA:0,isError
FNDA:0,isEvalError
FNDA:0,isRangeError
FNDA:0,isReferenceError
FNDA:0,isSyntaxError
FNDA:0,isTypeError
FNDA:0,isURIError
FNDA:0,isAggregateError
DA:2,1
DA:3,1
DA:4,1
DA:5,1
DA:6,1
DA:7,1
DA:8,1
DA:9,1
DA:10,1
DA:11,1
DA:12,1
DA:13,1
DA:14,1
DA:15,1
DA:16,1
DA:17,1
DA:18,1
DA:19,1
DA:20,1
DA:21,1
DA:22,1
DA:23,1
DA:24,1
DA:25,1
DA:26,1
DA:27,1
DA:28,1
DA:29,1
DA:30,1
DA:31,1
DA:32,1
DA:33,1
DA:34,1
DA:35,1
DA:36,1
DA:37,1
DA:38,1
DA:39,1
DA:40,1
DA:41,1
DA:42,1
DA:43,1
DA:44,1
DA:45,1
DA:46,1
DA:47,1
DA:48,1
DA:49,1
DA:50,1
DA:51,1
DA:65,617
DA:66,617
DA:78,42
DA:86,42
DA:94,41
DA:102,41
DA:110,41
DA:118,41
DA:126,0
DA:134,41
DA:142,41
DA:150,41
DA:158,41
DA:166,41
DA:169,0
DA:177,0
DA:185,0
DA:193,0
DA:201,0
DA:209,0
DA:217,0
DA:225,0
DA:233,41
DA:241,41
DA:249,0
DA:257,0
DA:265,0
DA:273,0
DA:281,0
DA:289,0
DA:297,0
DA:305,41
DA:313,0
DA:321,0
DA:329,41
DA:337,41
DA:345,0
DA:353,0
DA:361,0
DA:379,0
DA:387,0
DA:395,0
DA:403,0
DA:411,0
DA:419,0
DA:427,0
DA:435,0
DA:443,0
DA:451,0
DA:459,0
LF:100
LH:68
BRDA:66,0,0,617
BRDA:66,0,1,137
BRDA:66,0,2,92
BRDA:66,0,3,525
BRDA:66,0,4,15
BRDA:66,0,5,510
BRF:6
BRH:6
end_of_record
